c:\development\particlesystem\particlesystemdemo\release\vc140.pdb
c:\development\particlesystem\particlesystemdemo\release\shaderobject.obj
c:\development\particlesystem\particlesystemdemo\release\renderingengine.obj
c:\development\particlesystem\particlesystemdemo\release\rendercontainer.obj
c:\development\particlesystem\particlesystemdemo\release\rectangle.obj
c:\development\particlesystem\particlesystemdemo\release\particlesystemteststate.obj
c:\development\particlesystem\particlesystemdemo\release\particlesystem.obj
c:\development\particlesystem\particlesystemdemo\release\particleemitter.obj
c:\development\particlesystem\particlesystemdemo\release\orthographiccamera.obj
c:\development\particlesystem\particlesystemdemo\release\object.obj
c:\development\particlesystem\particlesystemdemo\release\main.obj
c:\development\particlesystem\particlesystemdemo\release\logger.obj
c:\development\particlesystem\particlesystemdemo\release\inputmanager.obj
c:\development\particlesystem\particlesystemdemo\release\gltexture.obj
c:\development\particlesystem\particlesystemdemo\release\genericshaderobject.obj
c:\development\particlesystem\particlesystemdemo\release\gatetimer.obj
c:\development\particlesystem\particlesystemdemo\release\gamestate.obj
c:\development\particlesystem\particlesystemdemo\release\game.obj
c:\development\particlesystem\particlesystemdemo\release\engine.obj
c:\development\particlesystem\particlesystemdemo\release\colour.obj
c:\development\particlesystem\particlesystemdemo\release\aabb.obj
c:\development\particlesystem\particlesystemdemo\release\window.obj
c:\development\particlesystem\particlesystemdemo\release\vbobatcher.obj
c:\development\particlesystem\particlesystemdemo\release\vbo.obj
c:\development\particlesystem\particlesystemdemo\release\uvbounds.obj
c:\development\particlesystem\particlesystemdemo\release\unit.obj
c:\development\particlesystem\particlesystemdemo\release\textureasset.obj
c:\development\particlesystem\particlesystemdemo\release\texture.obj
c:\development\particlesystem\particlesystemdemo\release\taskmaster.obj
c:\development\particlesystem\particlesystemdemo\release\particlesystemdemo.exe
c:\development\particlesystem\particlesystemdemo\release\particlesystemdemo.ipdb
c:\development\particlesystem\particlesystemdemo\release\particlesystemdemo.iobj
c:\development\particlesystem\particlesystemdemo\release\particlesystemdemo.pdb
c:\development\particlesystem\particlesystemdemo\release\particlesystemdemo.lib
c:\development\particlesystem\particlesystemdemo\release\particlesystemdemo.exp
c:\development\particlesystem\particlesystemdemo\release\particle.0c9f160c.tlog\cl.command.1.tlog
c:\development\particlesystem\particlesystemdemo\release\particle.0c9f160c.tlog\cl.read.1.tlog
c:\development\particlesystem\particlesystemdemo\release\particle.0c9f160c.tlog\cl.write.1.tlog
c:\development\particlesystem\particlesystemdemo\release\particle.0c9f160c.tlog\link.command.1.tlog
c:\development\particlesystem\particlesystemdemo\release\particle.0c9f160c.tlog\link.read.1.tlog
c:\development\particlesystem\particlesystemdemo\release\particle.0c9f160c.tlog\link.write.1.tlog
c:\development\particlesystem\particlesystemdemo\release\particle.0c9f160c.tlog\particlesystemdemo.write.1u.tlog
