Build started 2017-12-26 오후 10:33:51.
     1>Project "C:\Development\ParticleSystem\ParticleSystemDemo\ParticleSystemDemo.vcxproj" on node 2 (Build target(s)).
     1>ClCompile:
         C:\Program Files (x86)\Microsoft Visual Studio 14.0\VC\bin\CL.exe /c /Zi /nologo /W3 /WX- /sdl /O2 /Oi /Oy- /GL /D _MBCS /Gm- /EHsc /MD /GS /Gy /fp:precise /Zc:wchar_t /Zc:forScope /Zc:inline /Fo"Release\\" /Fd"Release\vc140.pdb" /Gd /TP /analyze- /errorReport:prompt ParticleSystem.cpp
         ParticleSystem.cpp
     1>ParticleSystem.cpp(21): warning C4018: '<': signed/unsigned mismatch
       Link:
         C:\Program Files (x86)\Microsoft Visual Studio 14.0\VC\bin\link.exe /ERRORREPORT:PROMPT /OUT:"C:\Development\ParticleSystem\ParticleSystemDemo\Release\ParticleSystemDemo.exe" /NOLOGO glew32.lib opengl32.lib SDL2.lib SDL2main.lib SDL2_image.lib kernel32.lib user32.lib gdi32.lib winspool.lib comdlg32.lib advapi32.lib shell32.lib ole32.lib oleaut32.lib uuid.lib odbc32.lib odbccp32.lib /MANIFEST /MANIFESTUAC:"level='asInvoker' uiAccess='false'" /manifest:embed /Debug /PDB:"C:\Development\ParticleSystem\ParticleSystemDemo\Release\ParticleSystemDemo.pdb" /OPT:REF /OPT:ICF /LTCG:incremental /TLBID:1 /DYNAMICBASE /NXCOMPAT /IMPLIB:"C:\Development\ParticleSystem\ParticleSystemDemo\Release\ParticleSystemDemo.lib" /MACHINE:X86 /SAFESEH Release\AABB.obj
         Release\Colour.obj
         Release\Engine.obj
         Release\Game.obj
         Release\GameState.obj
         Release\GateTimer.obj
         Release\GenericShaderObject.obj
         Release\GLTexture.obj
         Release\InputManager.obj
         Release\Logger.obj
         Release\main.obj
         Release\Object.obj
         Release\OrthographicCamera.obj
         Release\ParticleEmitter.obj
         Release\ParticleSystem.obj
         Release\ParticleSystemTestState.obj
         Release\Rectangle.obj
         Release\RenderContainer.obj
         Release\RenderingEngine.obj
         Release\ShaderObject.obj
         Release\TaskMaster.obj
         Release\Texture.obj
         Release\TextureAsset.obj
         Release\Unit.obj
         Release\UVBounds.obj
         Release\VBO.obj
         Release\VBOBatcher.obj
         Release\Window.obj
            Creating library C:\Development\ParticleSystem\ParticleSystemDemo\Release\ParticleSystemDemo.lib and object C:\Development\ParticleSystem\ParticleSystemDemo\Release\ParticleSystemDemo.exp
         Generating code
         1 of 3411 functions ( 0.0%) were compiled, the rest were copied from previous compilation.
           0 functions were new in current compilation
           0 functions had inline decision re-evaluated but remain unchanged
         Finished generating code
     1>SDL2_image.lib(IMG.obj) : warning LNK4099: PDB 'SDL2_image.pdb' was not found with 'SDL2_image.lib(IMG.obj)' or at 'C:\Development\ParticleSystem\ParticleSystemDemo\Release\SDL2_image.pdb'; linking object as if no debug info
     1>SDL2_image.lib(IMG_bmp.obj) : warning LNK4099: PDB 'SDL2_image.pdb' was not found with 'SDL2_image.lib(IMG_bmp.obj)' or at 'C:\Development\ParticleSystem\ParticleSystemDemo\Release\SDL2_image.pdb'; linking object as if no debug info
     1>SDL2_image.lib(IMG_gif.obj) : warning LNK4099: PDB 'SDL2_image.pdb' was not found with 'SDL2_image.lib(IMG_gif.obj)' or at 'C:\Development\ParticleSystem\ParticleSystemDemo\Release\SDL2_image.pdb'; linking object as if no debug info
     1>SDL2_image.lib(IMG_jpg.obj) : warning LNK4099: PDB 'SDL2_image.pdb' was not found with 'SDL2_image.lib(IMG_jpg.obj)' or at 'C:\Development\ParticleSystem\ParticleSystemDemo\Release\SDL2_image.pdb'; linking object as if no debug info
     1>SDL2_image.lib(IMG_lbm.obj) : warning LNK4099: PDB 'SDL2_image.pdb' was not found with 'SDL2_image.lib(IMG_lbm.obj)' or at 'C:\Development\ParticleSystem\ParticleSystemDemo\Release\SDL2_image.pdb'; linking object as if no debug info
     1>SDL2_image.lib(IMG_pcx.obj) : warning LNK4099: PDB 'SDL2_image.pdb' was not found with 'SDL2_image.lib(IMG_pcx.obj)' or at 'C:\Development\ParticleSystem\ParticleSystemDemo\Release\SDL2_image.pdb'; linking object as if no debug info
     1>SDL2_image.lib(IMG_png.obj) : warning LNK4099: PDB 'SDL2_image.pdb' was not found with 'SDL2_image.lib(IMG_png.obj)' or at 'C:\Development\ParticleSystem\ParticleSystemDemo\Release\SDL2_image.pdb'; linking object as if no debug info
     1>SDL2_image.lib(IMG_pnm.obj) : warning LNK4099: PDB 'SDL2_image.pdb' was not found with 'SDL2_image.lib(IMG_pnm.obj)' or at 'C:\Development\ParticleSystem\ParticleSystemDemo\Release\SDL2_image.pdb'; linking object as if no debug info
     1>SDL2_image.lib(IMG_tga.obj) : warning LNK4099: PDB 'SDL2_image.pdb' was not found with 'SDL2_image.lib(IMG_tga.obj)' or at 'C:\Development\ParticleSystem\ParticleSystemDemo\Release\SDL2_image.pdb'; linking object as if no debug info
     1>SDL2_image.lib(IMG_tif.obj) : warning LNK4099: PDB 'SDL2_image.pdb' was not found with 'SDL2_image.lib(IMG_tif.obj)' or at 'C:\Development\ParticleSystem\ParticleSystemDemo\Release\SDL2_image.pdb'; linking object as if no debug info
     1>SDL2_image.lib(IMG_webp.obj) : warning LNK4099: PDB 'SDL2_image.pdb' was not found with 'SDL2_image.lib(IMG_webp.obj)' or at 'C:\Development\ParticleSystem\ParticleSystemDemo\Release\SDL2_image.pdb'; linking object as if no debug info
     1>SDL2_image.lib(IMG_xcf.obj) : warning LNK4099: PDB 'SDL2_image.pdb' was not found with 'SDL2_image.lib(IMG_xcf.obj)' or at 'C:\Development\ParticleSystem\ParticleSystemDemo\Release\SDL2_image.pdb'; linking object as if no debug info
     1>SDL2_image.lib(IMG_xpm.obj) : warning LNK4099: PDB 'SDL2_image.pdb' was not found with 'SDL2_image.lib(IMG_xpm.obj)' or at 'C:\Development\ParticleSystem\ParticleSystemDemo\Release\SDL2_image.pdb'; linking object as if no debug info
     1>SDL2_image.lib(IMG_xv.obj) : warning LNK4099: PDB 'SDL2_image.pdb' was not found with 'SDL2_image.lib(IMG_xv.obj)' or at 'C:\Development\ParticleSystem\ParticleSystemDemo\Release\SDL2_image.pdb'; linking object as if no debug info
         ParticleSystemDemo.vcxproj -> C:\Development\ParticleSystem\ParticleSystemDemo\Release\ParticleSystemDemo.exe
     1>Done Building Project "C:\Development\ParticleSystem\ParticleSystemDemo\ParticleSystemDemo.vcxproj" (Build target(s)).

Build succeeded.

Time Elapsed 00:00:03.21
